ISim log file
Running: C:\Users\miste\Desktop\Verilog_SPI\SPI_Master\SPI_Master_isim_beh.exe -intstyle ise -gui -tclbatch isim.cmd -wdb C:/Users/miste/Desktop/Verilog_SPI/SPI_Master/SPI_Master_isim_beh.wdb 
ISim P.20131013 (signature 0x7708f090)
WARNING: A WEBPACK license was found.
WARNING: Please use Xilinx License Configuration Manager to check out a full ISim license.
WARNING: ISim will run in Lite mode. Please refer to the ISim documentation for more information on the differences between the Lite and the Full version.
This is a Lite version of ISim.
Time resolution is 1 fs
# onerror resume
# wave add /
# run 1000 ns
Simulator is doing circuit initialization process.
Finished circuit initialization process.
# isim force add /SPI_Master/btn0 1 -radix bin
# isim force add /SPI_Master/btn0 1 -radix bin
# isim force add /SPI_Master/Input_data 11001101 -radix bin
# isim force add /SPI_Master/Input_data 11001101 -radix bin
# isim force add /SPI_Master/In_clock 1 -radix bin -value 0 -radix bin -time 500 fs -repeat 1 ps
# isim force add /SPI_Master/In_clock 1 -radix bin -value 0 -radix bin -time 500 fs -repeat 1 ps
# isim force add /SPI_Master/MISO 1 -radix bin
# isim force add /SPI_Master/MISO 1 -radix bin
# run 1.00us
# run 1.00us
# run 1.00us
# run 1.00us
# isim force add /SPI_Master/btn0 0 -radix bin
# isim force add /SPI_Master/btn0 0 -radix bin
# run 1.00us
# run 1.00us
# isim force add /SPI_Master/btn0 1 -radix bin
# isim force add /SPI_Master/btn0 1 -radix bin
# run 1.00us
# run 1.00us
# run 1.00us
# isim force add /SPI_Master/Input_data 10101100 -radix bin
# isim force add /SPI_Master/Input_data 10101100 -radix bin
# isim force add /SPI_Master/btn0 0 -radix bin
# isim force add /SPI_Master/btn0 0 -radix bin
# run 1.00us
# isim force add /SPI_Master/MISO 0 -radix bin
# isim force add /SPI_Master/MISO 0 -radix bin
# run 1.00us
# run 1.00us
# isim force add /SPI_Master/btn0 1 -radix bin
# isim force add /SPI_Master/btn0 1 -radix bin
# run 1.00us
# run 1.00us
# run 1.00us
# isim force add /SPI_Master/btn0 0 -radix bin
# isim force add /SPI_Master/btn0 0 -radix bin
# run 1.00us
