Command line:
   SPI_Master_isim_beh.exe
     -simmode  gui
     -simrunnum  0
     -socket  52954

Mon Jan 24 09:52:32 2022


 Elaboration Time: 0.03125 sec

 Current Memory Usage: 5149.86 Meg

 Total Signals          : 36
 Total Nets             : 38
 Total Signal Drivers   : 12
 Total Blocks           : 5
 Total Primitive Blocks : 4
 Total Processes        : 24
 Total Traceable Variables  : 31
 Total Scalar Nets and Variables : 253
Total Line Count : 80

 Total Simulation Time: 9.4375 sec

 Current Memory Usage: 4678 Meg

Mon Jan 24 09:55:23 2022

