Command line:
   Automat_isim_beh.exe
     -simmode  gui
     -simrunnum  0
     -socket  52928

Mon Jan 24 09:30:13 2022


 Elaboration Time: 0.03125 sec

 Current Memory Usage: 5149.9 Meg

 Total Signals          : 18
 Total Nets             : 18
 Total Signal Drivers   : 8
 Total Blocks           : 2
 Total Primitive Blocks : 2
 Total Processes        : 14
 Total Traceable Variables  : 23
 Total Scalar Nets and Variables : 134
Total Line Count : 43

 Total Simulation Time: 0.203125 sec

 Current Memory Usage: 5464.47 Meg

Mon Jan 24 09:31:12 2022

